{
  "RSpec": {
    "coverage": {
      "/Users/ruifreitas/code/lewagon/devhire/app/models/booking.rb": [
        1,
        1,
        1,
        null,
        1,
        1,
        null,
        1,
        null,
        1,
        7,
        null,
        5,
        1,
        null,
        null,
        null
      ],
      "/Users/ruifreitas/code/lewagon/devhire/app/models/developer.rb": [
        1,
        1,
        1,
        1,
        1,
        1,
        null,
        1,
        1,
        null,
        4,
        null,
        1,
        0,
        null,
        null,
        1,
        0,
        null,
        null,
        1,
        0,
        null,
        null,
        1,
        0,
        null,
        null,
        1,
        0,
        null,
        null
      ],
      "/Users/ruifreitas/code/lewagon/devhire/app/validators/availability_validator.rb": [
        1,
        null,
        1,
        null,
        null,
        null,
        null,
        14,
        18,
        null,
        14,
        4,
        2,
        null,
        null,
        null,
        null
      ],
      "/Users/ruifreitas/code/lewagon/devhire/app/models/skill.rb": [
        1,
        1,
        1,
        null,
        11,
        null,
        1,
        null
      ],
      "/Users/ruifreitas/code/lewagon/devhire/app/models/concerns/nameable.rb": [
        1,
        1,
        null,
        1,
        1,
        null,
        null,
        null,
        1,
        4,
        null,
        null,
        1,
        0,
        null,
        null,
        1,
        0,
        null,
        null,
        null
      ],
      "/Users/ruifreitas/code/lewagon/devhire/app/models/developer_skill.rb": [
        1,
        1,
        1,
        null,
        1,
        null,
        1,
        1,
        null
      ],
      "/Users/ruifreitas/code/lewagon/devhire/app/mailers/application_mailer.rb": [
        0,
        0,
        0,
        0
      ],
      "/Users/ruifreitas/code/lewagon/devhire/app/models/project.rb": [
        0,
        0,
        null,
        0,
        0,
        0
      ],
      "/Users/ruifreitas/code/lewagon/devhire/app/models/bookmark.rb": [
        0,
        0,
        0,
        0
      ],
      "/Users/ruifreitas/code/lewagon/devhire/app/models/application_record.rb": [
        0,
        0,
        0
      ],
      "/Users/ruifreitas/code/lewagon/devhire/app/models/user.rb": [
        0,
        null,
        null,
        0,
        0,
        null,
        0,
        0,
        0,
        null,
        0,
        0,
        0,
        null,
        0,
        0,
        0,
        0
      ],
      "/Users/ruifreitas/code/lewagon/devhire/app/jobs/application_job.rb": [
        0,
        0
      ],
      "/Users/ruifreitas/code/lewagon/devhire/app/controllers/application_controller.rb": [
        0,
        0,
        0,
        0
      ],
      "/Users/ruifreitas/code/lewagon/devhire/app/controllers/developers_controller.rb": [
        0,
        0,
        0,
        null,
        0,
        0,
        0,
        0,
        0,
        0,
        0,
        0,
        0,
        0,
        0,
        0,
        0,
        0,
        0,
        null,
        0,
        0,
        0,
        0,
        0,
        0,
        null,
        0,
        0,
        0,
        0,
        0,
        0,
        null,
        0,
        0,
        0,
        0,
        0,
        0,
        0,
        0,
        0,
        null,
        0,
        0,
        null,
        0,
        0,
        0,
        0,
        0,
        0,
        0,
        null,
        0,
        0,
        0,
        null,
        0,
        null,
        0,
        0,
        0,
        null,
        0,
        0,
        0,
        0,
        0,
        0,
        0,
        0
      ],
      "/Users/ruifreitas/code/lewagon/devhire/app/controllers/bookmarked_developers_controller.rb": [
        0,
        0,
        null,
        0,
        0,
        0,
        null,
        0,
        0,
        0,
        null,
        0,
        null,
        0,
        0,
        0,
        0
      ],
      "/Users/ruifreitas/code/lewagon/devhire/app/controllers/pages_controller.rb": [
        0,
        0,
        null,
        0,
        0,
        0,
        0,
        0
      ],
      "/Users/ruifreitas/code/lewagon/devhire/app/controllers/users_controller.rb": [
        0,
        0,
        0,
        0,
        0,
        0,
        0,
        0
      ],
      "/Users/ruifreitas/code/lewagon/devhire/app/controllers/bookings_controller.rb": [
        0,
        0,
        0,
        0,
        0,
        0,
        0,
        0,
        0,
        0,
        0,
        0,
        null,
        0,
        null,
        0,
        0,
        0,
        0
      ],
      "/Users/ruifreitas/code/lewagon/devhire/app/helpers/application_helper.rb": [
        0,
        0,
        0,
        0,
        0,
        0,
        0,
        0,
        0
      ],
      "/Users/ruifreitas/code/lewagon/devhire/app/channels/application_cable/connection.rb": [
        0,
        0,
        0,
        0
      ],
      "/Users/ruifreitas/code/lewagon/devhire/app/channels/application_cable/channel.rb": [
        0,
        0,
        0,
        0
      ]
    },
    "timestamp": 1544904665
  }
}
